COCO INFO: Results will be output to folder exdata/RS5-1e7D
Benchmarking solver '<function random_search' with budget=10000000*dimension on bbob suite, Mon Jun 26 15:05:17 2017
Jun26 15h05:17, d=2, running: f001...............(15)  f002...............(15)  f003...............(15)  f004...............(15)  f005...............(15)  f006...............(15)  f007...............(15)  f008...............(15)  f009...............(15)  f010...............(15)  f011...............(15)  f012...............(15)  f013...............(15)  f014...............(15)  f015...............(15)  f016...............(15)  f017...............(15)  f018...............(15)  f019...............(15)  f020...............(15)  f021...............(15)  f022...............(15)  f023...............(15)  f024...............(15)  
    done in 4.3e-06 seconds/evaluation

Jun26 23h43:11, d=3, running: f001...............(15)  f002...............(15)  f003...............(15)  f004...............(15)  f005...............(15)  f006...............(15)  f007...............(15)  f008...............(15)  f009...............(15)  f010...............(15)  f011...............(15)  f012...............(15)  f013...............(15)  f014...............(15)  f015...............(15)  f016...............(15)  f017...............(15)  f018...............(15)  f019...............(15)  f020...............(15)  f021...............(15)  f022...............(15)  f023...............(15)  f024...............(15)  
    done in 4.7e-06 seconds/evaluation

Jun27 13h46:49, d=5, running: f001...............(15)  f002...............(15)  f003...............(15)  f004...............(15)  f005...............(15)  f006...............(15)  f007...............(15)  f008...............(15)  f009...............(15)  f010...............(15)  f011...............(15)  f012...............(15)  f013...............(15)  f014...............(15)  f015...............(15)  f016...............(15)  f017...............(15)  f018...............(15)  f019...............(15)  f020...............(15)  f021...............(15)  f022...............(15)  f023...............(15)  f024...............(15)  
    done in 5.5e-06 seconds/evaluation

Jun28 17h12:51, d=10, running: f001...............(15)  f002...............(15)  f003...............(15)  f004...............(15)  f005...............(15)  f006...............(15)  f007...............(15)  f008...............(15)  f009...............(15)  f010...............(15)  f011...............(15)  f012...............(15)  f013...............(15)  f014...............(15)  f015...............(15)  f016...............(15)  f017...............(15)  f018...............(15)  f019...............(15)  f020...............(15)  f021...............(15)  f022...............(15)  f023...............(15)  f024...............(15)  
    done in 7.6e-06 seconds/evaluation

Jul1 20h45:56, d=20, running: f001...............(15)  f002...............(15)  f003...............(15)  f004...............(15)  f005...............(15)  f006...............(15)  f007...............(15)  f008...............(15)  f009...............(15)  f010...............(15)  f011...............(15)  f012...............(15)  f013...............(15)  f014...............(15)  f015...............(15)  f016...............(15)  f017...............(15)  f018...............(15)  f019...............(15)  f020...............(15)  f021...............(15)  f022...............(15)  f023...............(15)  f024...............(15)  
    done in 1.2e-05 seconds/evaluation

Jul11 20h40:01, d=40, running: f001...............(15)  f002...............(15)  f003...............(15)  f004...............(15)  f005...............(15)  f006...............(15)  f007...............(15)  f008...............(15)  f009...............(15)  f010...............(15)  f011...............(15)  f012...............(15)  f013...............(15)  f014...............(15)  f015...............(15)  f016...............(15)  f017...............(15)  f018...............(15)  f019...............(15)  f020...............(15)  f021...............(15)  f022...............(15)  f023...............(15)  f024...............(15) 
    done in 2.2e-05 seconds/evaluation
  dimension seconds/evaluations
  -----------------------------
      2      4.3e-06 
      3      4.7e-06 
      5      5.5e-06 
     10      7.6e-06 
     20      1.2e-05 
     40      2.2e-05 
  -----------------------------
  bbob done (2160 of 2160 problems benchmarked), Fri Aug 18 00:42:44 2017 (1255h46:11 total elapsed time).
